18:42:17.283 [main]INFO  testCases.TC001_AccountRegistrationTest -Validating expected message..
18:43:27.463 [main]ERROR testCases.TC001_AccountRegistrationTest -Test failed..
18:43:27.464 [main]DEBUG testCases.TC001_AccountRegistrationTest -Debug logs..
18:43:31.979 [main]INFO  testCases.TC002_LoginTest -******* Starting TC_002_LoginTest******
18:43:34.073 [main]INFO  testCases.TC002_LoginTest -******* Finished TC_002_LoginTest******
18:46:29.012 [main]INFO  testCases.TC001_AccountRegistrationTest -****** Starting TC001_AccountRegistrationTest**** 
18:46:29.809 [main]INFO  testCases.TC001_AccountRegistrationTest -Clicked on MyAccountlink
18:46:30.403 [main]INFO  testCases.TC001_AccountRegistrationTest -Clicked on Register Link
18:46:30.415 [main]INFO  testCases.TC001_AccountRegistrationTest -Providing Customers Details....
18:46:32.520 [main]INFO  testCases.TC001_AccountRegistrationTest -Validating expected message..
18:47:13.661 [main]ERROR testCases.TC001_AccountRegistrationTest -Test failed..
18:47:13.662 [main]DEBUG testCases.TC001_AccountRegistrationTest -Debug logs..
18:47:17.391 [main]INFO  testCases.TC002_LoginTest -******* Starting TC_002_LoginTest******
18:47:19.673 [main]INFO  testCases.TC002_LoginTest -******* Finished TC_002_LoginTest******
18:54:08.072 [main]INFO  testCases.TC002_LoginTest -******* Starting TC_002_LoginTest******
18:54:10.656 [main]INFO  testCases.TC002_LoginTest -******* Finished TC_002_LoginTest******
21:27:46.424 [main]INFO  testCases.TC001_AccountRegistrationTest -****** Starting TC001_AccountRegistrationTest**** 
21:27:46.916 [main]INFO  testCases.TC001_AccountRegistrationTest -Clicked on MyAccountlink
21:27:48.025 [main]INFO  testCases.TC001_AccountRegistrationTest -Clicked on Register Link
21:27:48.029 [main]INFO  testCases.TC001_AccountRegistrationTest -Providing Customers Details....
21:27:50.642 [main]INFO  testCases.TC001_AccountRegistrationTest -Validating expected message..
21:28:50.058 [main]ERROR testCases.TC001_AccountRegistrationTest -Test failed..
21:28:50.059 [main]DEBUG testCases.TC001_AccountRegistrationTest -Debug logs..
21:36:39.260 [main]INFO  testCases.TC001_AccountRegistrationTest -****** Starting TC001_AccountRegistrationTest**** 
21:36:40.233 [main]INFO  testCases.TC001_AccountRegistrationTest -Clicked on MyAccountlink
21:36:40.952 [main]INFO  testCases.TC001_AccountRegistrationTest -Clicked on Register Link
21:36:40.955 [main]INFO  testCases.TC001_AccountRegistrationTest -Providing Customers Details....
21:36:42.961 [main]INFO  testCases.TC001_AccountRegistrationTest -Validating expected message..
21:38:03.707 [main]ERROR testCases.TC001_AccountRegistrationTest -Test failed..
21:38:03.707 [main]DEBUG testCases.TC001_AccountRegistrationTest -Debug logs..
21:46:46.615 [main]INFO  testCases.TC001_AccountRegistrationTest -****** Starting TC001_AccountRegistrationTest**** 
21:46:47.626 [main]INFO  testCases.TC001_AccountRegistrationTest -Clicked on MyAccountlink
21:46:48.332 [main]INFO  testCases.TC001_AccountRegistrationTest -Clicked on Register Link
21:46:48.339 [main]INFO  testCases.TC001_AccountRegistrationTest -Providing Customers Details....
21:46:50.462 [main]INFO  testCases.TC001_AccountRegistrationTest -Validating expected message..
21:47:30.216 [main]ERROR testCases.TC001_AccountRegistrationTest -Test failed..
21:47:30.217 [main]DEBUG testCases.TC001_AccountRegistrationTest -Debug logs..
21:49:06.347 [main]INFO  testCases.TC001_AccountRegistrationTest -****** Starting TC001_AccountRegistrationTest**** 
21:49:07.228 [main]INFO  testCases.TC001_AccountRegistrationTest -Clicked on MyAccountlink
21:49:08.056 [main]INFO  testCases.TC001_AccountRegistrationTest -Clicked on Register Link
21:49:08.066 [main]INFO  testCases.TC001_AccountRegistrationTest -Providing Customers Details....
21:49:10.160 [main]INFO  testCases.TC001_AccountRegistrationTest -Validating expected message..
21:52:10.309 [main]ERROR testCases.TC001_AccountRegistrationTest -Test failed..
21:52:10.332 [main]DEBUG testCases.TC001_AccountRegistrationTest -Debug logs..
22:01:58.473 [main]INFO  testCases.TC001_AccountRegistrationTest -****** Starting TC001_AccountRegistrationTest**** 
22:01:58.762 [main]INFO  testCases.TC001_AccountRegistrationTest -Clicked on MyAccountlink
22:01:59.400 [main]INFO  testCases.TC001_AccountRegistrationTest -Clicked on Register Link
22:01:59.408 [main]INFO  testCases.TC001_AccountRegistrationTest -Providing Customers Details....
22:02:01.487 [main]INFO  testCases.TC001_AccountRegistrationTest -Validating expected message..
22:05:01.698 [main]ERROR testCases.TC001_AccountRegistrationTest -Test failed..
22:05:01.712 [main]DEBUG testCases.TC001_AccountRegistrationTest -Debug logs..
22:12:33.605 [main]INFO  testCases.TC001_AccountRegistrationTest -****** Starting TC001_AccountRegistrationTest**** 
22:12:34.263 [main]INFO  testCases.TC001_AccountRegistrationTest -Clicked on MyAccountlink
22:12:34.928 [main]INFO  testCases.TC001_AccountRegistrationTest -Clicked on Register Link
