20:53:08.667 [main]DEBUG org.apache.poi.openxml4j.opc.PackageRelationshipCollection -Parsing relationship: /xl/_rels/workbook.xml.rels
20:53:08.675 [main]DEBUG org.apache.poi.openxml4j.opc.PackageRelationshipCollection -Parsing relationship: /xl/worksheets/_rels/sheet1.xml.rels
20:53:08.676 [main]DEBUG org.apache.poi.openxml4j.opc.PackageRelationshipCollection -Parsing relationship: /_rels/.rels
20:53:08.703 [main]DEBUG org.apache.poi.ooxml.POIXMLFactory -using default POIXMLDocumentPart for http://www.wps.cn/officeDocument/2023/relationships/customStorage
20:53:08.730 [main]DEBUG org.apache.poi.openxml4j.opc.PackageRelationshipCollection -Parsing relationship: /xl/_rels/workbook.xml.rels
20:53:08.732 [main]DEBUG org.apache.poi.openxml4j.opc.PackageRelationshipCollection -Parsing relationship: /xl/worksheets/_rels/sheet1.xml.rels
20:53:08.734 [main]DEBUG org.apache.poi.openxml4j.opc.PackageRelationshipCollection -Parsing relationship: /_rels/.rels
20:53:08.756 [main]DEBUG org.apache.poi.ooxml.POIXMLFactory -using default POIXMLDocumentPart for http://www.wps.cn/officeDocument/2023/relationships/customStorage
20:53:08.784 [main]DEBUG org.apache.poi.openxml4j.opc.PackageRelationshipCollection -Parsing relationship: /xl/_rels/workbook.xml.rels
20:53:08.785 [main]DEBUG org.apache.poi.openxml4j.opc.PackageRelationshipCollection -Parsing relationship: /xl/worksheets/_rels/sheet1.xml.rels
20:53:08.788 [main]DEBUG org.apache.poi.openxml4j.opc.PackageRelationshipCollection -Parsing relationship: /_rels/.rels
20:53:08.804 [main]DEBUG org.apache.poi.ooxml.POIXMLFactory -using default POIXMLDocumentPart for http://www.wps.cn/officeDocument/2023/relationships/customStorage
20:53:08.834 [main]DEBUG org.apache.poi.openxml4j.opc.PackageRelationshipCollection -Parsing relationship: /xl/_rels/workbook.xml.rels
20:53:08.835 [main]DEBUG org.apache.poi.openxml4j.opc.PackageRelationshipCollection -Parsing relationship: /xl/worksheets/_rels/sheet1.xml.rels
20:53:08.837 [main]DEBUG org.apache.poi.openxml4j.opc.PackageRelationshipCollection -Parsing relationship: /_rels/.rels
20:53:08.870 [main]DEBUG org.apache.poi.ooxml.POIXMLFactory -using default POIXMLDocumentPart for http://www.wps.cn/officeDocument/2023/relationships/customStorage
20:53:08.891 [main]DEBUG org.apache.poi.openxml4j.opc.PackageRelationshipCollection -Parsing relationship: /xl/_rels/workbook.xml.rels
20:53:08.893 [main]DEBUG org.apache.poi.openxml4j.opc.PackageRelationshipCollection -Parsing relationship: /xl/worksheets/_rels/sheet1.xml.rels
20:53:08.894 [main]DEBUG org.apache.poi.openxml4j.opc.PackageRelationshipCollection -Parsing relationship: /_rels/.rels
20:53:08.911 [main]DEBUG org.apache.poi.ooxml.POIXMLFactory -using default POIXMLDocumentPart for http://www.wps.cn/officeDocument/2023/relationships/customStorage
20:53:08.930 [main]DEBUG org.apache.poi.openxml4j.opc.PackageRelationshipCollection -Parsing relationship: /xl/_rels/workbook.xml.rels
20:53:08.931 [main]DEBUG org.apache.poi.openxml4j.opc.PackageRelationshipCollection -Parsing relationship: /xl/worksheets/_rels/sheet1.xml.rels
20:53:08.932 [main]DEBUG org.apache.poi.openxml4j.opc.PackageRelationshipCollection -Parsing relationship: /_rels/.rels
20:53:08.949 [main]DEBUG org.apache.poi.ooxml.POIXMLFactory -using default POIXMLDocumentPart for http://www.wps.cn/officeDocument/2023/relationships/customStorage
20:53:08.966 [main]DEBUG org.apache.poi.openxml4j.opc.PackageRelationshipCollection -Parsing relationship: /xl/_rels/workbook.xml.rels
20:53:08.967 [main]DEBUG org.apache.poi.openxml4j.opc.PackageRelationshipCollection -Parsing relationship: /xl/worksheets/_rels/sheet1.xml.rels
20:53:08.968 [main]DEBUG org.apache.poi.openxml4j.opc.PackageRelationshipCollection -Parsing relationship: /_rels/.rels
20:53:08.984 [main]DEBUG org.apache.poi.ooxml.POIXMLFactory -using default POIXMLDocumentPart for http://www.wps.cn/officeDocument/2023/relationships/customStorage
20:53:08.996 [main]DEBUG org.apache.poi.openxml4j.opc.PackageRelationshipCollection -Parsing relationship: /xl/_rels/workbook.xml.rels
20:53:08.997 [main]DEBUG org.apache.poi.openxml4j.opc.PackageRelationshipCollection -Parsing relationship: /xl/worksheets/_rels/sheet1.xml.rels
20:53:08.998 [main]DEBUG org.apache.poi.openxml4j.opc.PackageRelationshipCollection -Parsing relationship: /_rels/.rels
20:53:09.010 [main]DEBUG org.apache.poi.ooxml.POIXMLFactory -using default POIXMLDocumentPart for http://www.wps.cn/officeDocument/2023/relationships/customStorage
20:53:09.048 [main]INFO  testCases.TC003_LoginDDT -*********Started Tc_003_LoginDDT *****
20:53:11.840 [main]INFO  testCases.TC003_LoginDDT -*******Finished TC_003_LoginDDT******
20:53:11.877 [main]INFO  testCases.TC003_LoginDDT -*********Started Tc_003_LoginDDT *****
20:53:14.183 [main]INFO  testCases.TC003_LoginDDT -*********Started Tc_003_LoginDDT *****
20:53:17.309 [main]INFO  testCases.TC003_LoginDDT -*********Started Tc_003_LoginDDT *****
20:53:29.325 [main]INFO  testCases.TC003_LoginDDT -*******Finished TC_003_LoginDDT******
